<?xml version="1.0" encoding="UTF-8"?>
<!-- Generated by org.testng.reporters.JUnitReportReporter -->
<testsuite hostname="DESKTOP-L6II3T4" failures="0" tests="3" name="fbtestcase.fbregtestcase" time="29.863" errors="0" timestamp="2024-11-30T21:54:32 IST" skipped="0">
  <testcase classname="fbtestcase.fbregtestcase" name="fbregistration" time="9.501"/>
  <system-out/>
  <testcase classname="fbtestcase.fbregtestcase" name="fbregistration" time="10.972"/>
  <system-out/>
  <testcase classname="fbtestcase.fbregtestcase" name="fbregistration" time="9.390"/>
  <system-out/>
</testsuite> <!-- fbtestcase.fbregtestcase -->
