<?xml version="1.0" encoding="UTF-8"?>
<!-- Generated by org.testng.reporters.JUnitReportReporter -->
<testsuite hostname="Nupen" failures="0" tests="3" name="irctctestcase.irctctestcase" time="61.041" errors="0" timestamp="2024-04-17T18:45:20 CDT" skipped="0">
  <testcase classname="irctctestcase.irctctestcase" name="fbregistration" time="27.754"/>
  <system-out/>
  <testcase classname="irctctestcase.irctctestcase" name="fbregistration" time="8.294"/>
  <system-out/>
  <testcase classname="irctctestcase.irctctestcase" name="fbregistration" time="24.993"/>
  <system-out/>
</testsuite> <!-- irctctestcase.irctctestcase -->
