<?xml version="1.0" encoding="UTF-8"?>
<!-- Generated by org.testng.reporters.JUnitReportReporter -->
<testsuite hostname="Nupen" failures="0" tests="1" name="wrappers.MainTest" time="22.757" errors="0" timestamp="2024-04-17T18:47:18 CDT" skipped="0">
  <testcase classname="wrappers.MainTest" name="Test" time="22.757"/>
  <system-out/>
</testsuite> <!-- wrappers.MainTest -->
